<?xml version="1.0" encoding="UTF-8"?>
<testng-results skipped="0" failed="0" total="1" passed="1">
  <reporter-output>
  </reporter-output>
  <suite name="Default suite" duration-ms="49" started-at="2021-11-11T10:11:38Z" finished-at="2021-11-11T10:11:38Z">
    <groups>
    </groups>
    <test name="Default test" duration-ms="49" started-at="2021-11-11T10:11:38Z" finished-at="2021-11-11T10:11:38Z">
      <class name="com.CrudOperations.GetAllProjects">
        <test-method status="PASS" signature="getAllProjects()[pri:0, instance:com.CrudOperations.GetAllProjects@ae45eb6]" name="getAllProjects" duration-ms="20" started-at="2021-11-11T15:41:38Z" finished-at="2021-11-11T15:41:38Z">
          <reporter-output>
          </reporter-output>
        </test-method> <!-- getAllProjects -->
      </class> <!-- com.CrudOperations.GetAllProjects -->
    </test> <!-- Default test -->
  </suite> <!-- Default suite -->
</testng-results>
